{"/home/university/qatu-service/src/businessLogicLayer/services/order.service.js": {"path":"/home/university/qatu-service/src/businessLogicLayer/services/order.service.js","statementMap":{"0":{"start":{"line":3,"column":28},"end":{"line":33,"column":1}},"1":{"start":{"line":5,"column":26},"end":{"line":5,"column":80}},"2":{"start":{"line":6,"column":8},"end":{"line":6,"column":60}},"3":{"start":{"line":10,"column":8},"end":{"line":10,"column":59}},"4":{"start":{"line":14,"column":8},"end":{"line":14,"column":63}},"5":{"start":{"line":18,"column":8},"end":{"line":18,"column":65}},"6":{"start":{"line":22,"column":8},"end":{"line":22,"column":58}},"7":{"start":{"line":26,"column":23},"end":{"line":26,"column":69}},"8":{"start":{"line":28,"column":23},"end":{"line":30,"column":9}},"9":{"start":{"line":29,"column":12},"end":{"line":29,"column":86}},"10":{"start":{"line":31,"column":8},"end":{"line":31,"column":22}}},"fnMap":{"0":{"name":"(anonymous_0)","decl":{"start":{"line":4,"column":4},"end":{"line":4,"column":5}},"loc":{"start":{"line":4,"column":74},"end":{"line":7,"column":5}},"line":4},"1":{"name":"(anonymous_1)","decl":{"start":{"line":9,"column":4},"end":{"line":9,"column":5}},"loc":{"start":{"line":9,"column":32},"end":{"line":11,"column":5}},"line":9},"2":{"name":"(anonymous_2)","decl":{"start":{"line":13,"column":4},"end":{"line":13,"column":5}},"loc":{"start":{"line":13,"column":36},"end":{"line":15,"column":5}},"line":13},"3":{"name":"(anonymous_3)","decl":{"start":{"line":17,"column":4},"end":{"line":17,"column":5}},"loc":{"start":{"line":17,"column":38},"end":{"line":19,"column":5}},"line":17},"4":{"name":"(anonymous_4)","decl":{"start":{"line":21,"column":4},"end":{"line":21,"column":5}},"loc":{"start":{"line":21,"column":31},"end":{"line":23,"column":5}},"line":21},"5":{"name":"(anonymous_5)","decl":{"start":{"line":25,"column":4},"end":{"line":25,"column":5}},"loc":{"start":{"line":25,"column":53},"end":{"line":32,"column":5}},"line":25},"6":{"name":"(anonymous_6)","decl":{"start":{"line":28,"column":35},"end":{"line":28,"column":36}},"loc":{"start":{"line":29,"column":12},"end":{"line":29,"column":86}},"line":29}},"branchMap":{"0":{"loc":{"start":{"line":29,"column":12},"end":{"line":29,"column":86}},"type":"binary-expr","locations":[{"start":{"line":29,"column":12},"end":{"line":29,"column":27}},{"start":{"line":29,"column":31},"end":{"line":29,"column":86}}],"line":29}},"s":{"0":2,"1":3,"2":3,"3":4,"4":4,"5":3,"6":3,"7":3,"8":3,"9":2,"10":3},"f":{"0":3,"1":4,"2":4,"3":3,"4":3,"5":3,"6":2},"b":{"0":[2,2]},"_coverageSchema":"1a1c01bbd47fc00a2c39e90264f33305004495a9","hash":"d467f91411f92b5efa73af7e8b33da9feb0591fd"}
,"/home/university/qatu-service/src/dataAccessLayer/models/order.model.js": {"path":"/home/university/qatu-service/src/dataAccessLayer/models/order.model.js","statementMap":{"0":{"start":{"line":3,"column":19},"end":{"line":32,"column":24}}},"fnMap":{},"branchMap":{},"s":{"0":2},"f":{},"b":{},"_coverageSchema":"1a1c01bbd47fc00a2c39e90264f33305004495a9","hash":"fd71bc76b61106b465f0814ad893aed1fda76137"}
,"/home/university/qatu-service/src/dataAccessLayer/models/product.model.js": {"path":"/home/university/qatu-service/src/dataAccessLayer/models/product.model.js","statementMap":{"0":{"start":{"line":4,"column":22},"end":{"line":8,"column":18}},"1":{"start":{"line":10,"column":21},"end":{"line":50,"column":2}},"2":{"start":{"line":52,"column":0},"end":{"line":52,"column":38}}},"fnMap":{},"branchMap":{},"s":{"0":3,"1":3,"2":3},"f":{},"b":{},"_coverageSchema":"1a1c01bbd47fc00a2c39e90264f33305004495a9","hash":"ab8ac6cc373c87486ae539febee0b5aff44d0db0"}
,"/home/university/qatu-service/src/dataAccessLayer/models/user.model.js": {"path":"/home/university/qatu-service/src/dataAccessLayer/models/user.model.js","statementMap":{"0":{"start":{"line":3,"column":18},"end":{"line":26,"column":28}}},"fnMap":{},"branchMap":{},"s":{"0":4},"f":{},"b":{},"_coverageSchema":"1a1c01bbd47fc00a2c39e90264f33305004495a9","hash":"69e10dae02e0274cfda803bae332589b52b8dd98"}
,"/home/university/qatu-service/src/dataAccessLayer/repositories/order.repository.js": {"path":"/home/university/qatu-service/src/dataAccessLayer/repositories/order.repository.js","statementMap":{"0":{"start":{"line":3,"column":31},"end":{"line":29,"column":1}},"1":{"start":{"line":5,"column":22},"end":{"line":5,"column":42}},"2":{"start":{"line":6,"column":8},"end":{"line":6,"column":34}},"3":{"start":{"line":10,"column":8},"end":{"line":13,"column":49}},"4":{"start":{"line":17,"column":8},"end":{"line":18,"column":49}},"5":{"start":{"line":22,"column":8},"end":{"line":23,"column":49}},"6":{"start":{"line":27,"column":8},"end":{"line":27,"column":54}}},"fnMap":{"0":{"name":"(anonymous_0)","decl":{"start":{"line":4,"column":4},"end":{"line":4,"column":5}},"loc":{"start":{"line":4,"column":33},"end":{"line":7,"column":5}},"line":4},"1":{"name":"(anonymous_1)","decl":{"start":{"line":9,"column":4},"end":{"line":9,"column":5}},"loc":{"start":{"line":9,"column":32},"end":{"line":14,"column":5}},"line":9},"2":{"name":"(anonymous_2)","decl":{"start":{"line":16,"column":4},"end":{"line":16,"column":5}},"loc":{"start":{"line":16,"column":36},"end":{"line":19,"column":5}},"line":16},"3":{"name":"(anonymous_3)","decl":{"start":{"line":21,"column":4},"end":{"line":21,"column":5}},"loc":{"start":{"line":21,"column":38},"end":{"line":24,"column":5}},"line":21},"4":{"name":"(anonymous_4)","decl":{"start":{"line":26,"column":4},"end":{"line":26,"column":5}},"loc":{"start":{"line":26,"column":31},"end":{"line":28,"column":5}},"line":26}},"branchMap":{},"s":{"0":2,"1":3,"2":3,"3":4,"4":7,"5":3,"6":3},"f":{"0":3,"1":4,"2":7,"3":3,"4":3},"b":{},"_coverageSchema":"1a1c01bbd47fc00a2c39e90264f33305004495a9","hash":"a76ad20e8df93b66b08e3279da6c4cd22ac15efb"}
,"/home/university/qatu-service/src/dataAccessLayer/repositories/product.repository.js": {"path":"/home/university/qatu-service/src/dataAccessLayer/repositories/product.repository.js","statementMap":{"0":{"start":{"line":3,"column":33},"end":{"line":96,"column":1}},"1":{"start":{"line":6,"column":19},"end":{"line":6,"column":37}},"2":{"start":{"line":7,"column":29},"end":{"line":7,"column":49}},"3":{"start":{"line":8,"column":6},"end":{"line":11,"column":22}},"4":{"start":{"line":15,"column":6},"end":{"line":15,"column":34}},"5":{"start":{"line":19,"column":22},"end":{"line":19,"column":39}},"6":{"start":{"line":20,"column":6},"end":{"line":20,"column":28}},"7":{"start":{"line":24,"column":6},"end":{"line":24,"column":64}},"8":{"start":{"line":28,"column":29},"end":{"line":28,"column":49}},"9":{"start":{"line":29,"column":6},"end":{"line":29,"column":88}},"10":{"start":{"line":33,"column":6},"end":{"line":33,"column":43}},"11":{"start":{"line":37,"column":6},"end":{"line":41,"column":8}},"12":{"start":{"line":45,"column":6},"end":{"line":45,"column":60}},"13":{"start":{"line":49,"column":6},"end":{"line":49,"column":26}},"14":{"start":{"line":50,"column":22},"end":{"line":50,"column":55}},"15":{"start":{"line":51,"column":6},"end":{"line":51,"column":32}},"16":{"start":{"line":51,"column":20},"end":{"line":51,"column":32}},"17":{"start":{"line":53,"column":6},"end":{"line":55,"column":7}},"18":{"start":{"line":54,"column":10},"end":{"line":54,"column":31}},"19":{"start":{"line":57,"column":29},"end":{"line":57,"column":84}},"20":{"start":{"line":57,"column":55},"end":{"line":57,"column":83}},"21":{"start":{"line":58,"column":6},"end":{"line":62,"column":7}},"22":{"start":{"line":59,"column":10},"end":{"line":59,"column":45}},"23":{"start":{"line":61,"column":10},"end":{"line":61,"column":69}},"24":{"start":{"line":64,"column":20},"end":{"line":64,"column":72}},"25":{"start":{"line":64,"column":55},"end":{"line":64,"column":68}},"26":{"start":{"line":65,"column":6},"end":{"line":65,"column":54}},"27":{"start":{"line":67,"column":6},"end":{"line":67,"column":28}},"28":{"start":{"line":71,"column":6},"end":{"line":71,"column":58}},"29":{"start":{"line":75,"column":6},"end":{"line":77,"column":7}},"30":{"start":{"line":76,"column":10},"end":{"line":76,"column":64}},"31":{"start":{"line":80,"column":22},"end":{"line":80,"column":55}},"32":{"start":{"line":81,"column":6},"end":{"line":83,"column":7}},"33":{"start":{"line":82,"column":10},"end":{"line":82,"column":47}},"34":{"start":{"line":84,"column":6},"end":{"line":86,"column":7}},"35":{"start":{"line":85,"column":10},"end":{"line":85,"column":48}},"36":{"start":{"line":89,"column":6},"end":{"line":89,"column":33}},"37":{"start":{"line":92,"column":6},"end":{"line":92,"column":27}},"38":{"start":{"line":94,"column":6},"end":{"line":94,"column":21}},"39":{"start":{"line":98,"column":21},"end":{"line":109,"column":1}},"40":{"start":{"line":99,"column":21},"end":{"line":99,"column":23}},"41":{"start":{"line":100,"column":8},"end":{"line":102,"column":9}},"42":{"start":{"line":101,"column":10},"end":{"line":101,"column":46}},"43":{"start":{"line":103,"column":8},"end":{"line":107,"column":9}},"44":{"start":{"line":104,"column":10},"end":{"line":104,"column":28}},"45":{"start":{"line":105,"column":12},"end":{"line":105,"column":78}},"46":{"start":{"line":105,"column":32},"end":{"line":105,"column":78}},"47":{"start":{"line":106,"column":12},"end":{"line":106,"column":77}},"48":{"start":{"line":106,"column":32},"end":{"line":106,"column":77}},"49":{"start":{"line":108,"column":6},"end":{"line":108,"column":21}}},"fnMap":{"0":{"name":"(anonymous_0)","decl":{"start":{"line":5,"column":4},"end":{"line":5,"column":5}},"loc":{"start":{"line":5,"column":72},"end":{"line":12,"column":5}},"line":5},"1":{"name":"(anonymous_1)","decl":{"start":{"line":14,"column":4},"end":{"line":14,"column":5}},"loc":{"start":{"line":14,"column":29},"end":{"line":16,"column":5}},"line":14},"2":{"name":"(anonymous_2)","decl":{"start":{"line":18,"column":4},"end":{"line":18,"column":5}},"loc":{"start":{"line":18,"column":30},"end":{"line":21,"column":5}},"line":18},"3":{"name":"(anonymous_3)","decl":{"start":{"line":23,"column":4},"end":{"line":23,"column":5}},"loc":{"start":{"line":23,"column":34},"end":{"line":25,"column":5}},"line":23},"4":{"name":"(anonymous_4)","decl":{"start":{"line":27,"column":4},"end":{"line":27,"column":5}},"loc":{"start":{"line":27,"column":33},"end":{"line":30,"column":5}},"line":27},"5":{"name":"(anonymous_5)","decl":{"start":{"line":32,"column":4},"end":{"line":32,"column":5}},"loc":{"start":{"line":32,"column":28},"end":{"line":34,"column":5}},"line":32},"6":{"name":"(anonymous_6)","decl":{"start":{"line":36,"column":4},"end":{"line":36,"column":5}},"loc":{"start":{"line":36,"column":41},"end":{"line":42,"column":5}},"line":36},"7":{"name":"(anonymous_7)","decl":{"start":{"line":44,"column":4},"end":{"line":44,"column":5}},"loc":{"start":{"line":44,"column":33},"end":{"line":46,"column":5}},"line":44},"8":{"name":"(anonymous_8)","decl":{"start":{"line":48,"column":4},"end":{"line":48,"column":5}},"loc":{"start":{"line":48,"column":52},"end":{"line":68,"column":3}},"line":48},"9":{"name":"(anonymous_9)","decl":{"start":{"line":57,"column":50},"end":{"line":57,"column":51}},"loc":{"start":{"line":57,"column":55},"end":{"line":57,"column":83}},"line":57},"10":{"name":"(anonymous_10)","decl":{"start":{"line":64,"column":43},"end":{"line":64,"column":44}},"loc":{"start":{"line":64,"column":55},"end":{"line":64,"column":68}},"line":64},"11":{"name":"(anonymous_11)","decl":{"start":{"line":70,"column":4},"end":{"line":70,"column":5}},"loc":{"start":{"line":70,"column":31},"end":{"line":72,"column":5}},"line":70},"12":{"name":"(anonymous_12)","decl":{"start":{"line":74,"column":4},"end":{"line":74,"column":5}},"loc":{"start":{"line":74,"column":47},"end":{"line":95,"column":3}},"line":74},"13":{"name":"(anonymous_13)","decl":{"start":{"line":98,"column":21},"end":{"line":98,"column":22}},"loc":{"start":{"line":98,"column":36},"end":{"line":109,"column":1}},"line":98}},"branchMap":{"0":{"loc":{"start":{"line":5,"column":60},"end":{"line":5,"column":70}},"type":"default-arg","locations":[{"start":{"line":5,"column":68},"end":{"line":5,"column":70}}],"line":5},"1":{"loc":{"start":{"line":51,"column":6},"end":{"line":51,"column":32}},"type":"if","locations":[{"start":{"line":51,"column":6},"end":{"line":51,"column":32}},{"start":{},"end":{}}],"line":51},"2":{"loc":{"start":{"line":53,"column":6},"end":{"line":55,"column":7}},"type":"if","locations":[{"start":{"line":53,"column":6},"end":{"line":55,"column":7}},{"start":{},"end":{}}],"line":53},"3":{"loc":{"start":{"line":58,"column":6},"end":{"line":62,"column":7}},"type":"if","locations":[{"start":{"line":58,"column":6},"end":{"line":62,"column":7}},{"start":{"line":60,"column":13},"end":{"line":62,"column":7}}],"line":58},"4":{"loc":{"start":{"line":75,"column":6},"end":{"line":77,"column":7}},"type":"if","locations":[{"start":{"line":75,"column":6},"end":{"line":77,"column":7}},{"start":{},"end":{}}],"line":75},"5":{"loc":{"start":{"line":81,"column":6},"end":{"line":83,"column":7}},"type":"if","locations":[{"start":{"line":81,"column":6},"end":{"line":83,"column":7}},{"start":{},"end":{}}],"line":81},"6":{"loc":{"start":{"line":84,"column":6},"end":{"line":86,"column":7}},"type":"if","locations":[{"start":{"line":84,"column":6},"end":{"line":86,"column":7}},{"start":{},"end":{}}],"line":84},"7":{"loc":{"start":{"line":98,"column":22},"end":{"line":98,"column":32}},"type":"default-arg","locations":[{"start":{"line":98,"column":30},"end":{"line":98,"column":32}}],"line":98},"8":{"loc":{"start":{"line":100,"column":8},"end":{"line":102,"column":9}},"type":"if","locations":[{"start":{"line":100,"column":8},"end":{"line":102,"column":9}},{"start":{},"end":{}}],"line":100},"9":{"loc":{"start":{"line":103,"column":8},"end":{"line":107,"column":9}},"type":"if","locations":[{"start":{"line":103,"column":8},"end":{"line":107,"column":9}},{"start":{},"end":{}}],"line":103},"10":{"loc":{"start":{"line":103,"column":11},"end":{"line":103,"column":47}},"type":"binary-expr","locations":[{"start":{"line":103,"column":11},"end":{"line":103,"column":27}},{"start":{"line":103,"column":31},"end":{"line":103,"column":47}}],"line":103},"11":{"loc":{"start":{"line":105,"column":12},"end":{"line":105,"column":78}},"type":"if","locations":[{"start":{"line":105,"column":12},"end":{"line":105,"column":78}},{"start":{},"end":{}}],"line":105},"12":{"loc":{"start":{"line":106,"column":12},"end":{"line":106,"column":77}},"type":"if","locations":[{"start":{"line":106,"column":12},"end":{"line":106,"column":77}},{"start":{},"end":{}}],"line":106}},"s":{"0":1,"1":0,"2":0,"3":0,"4":2,"5":4,"6":4,"7":1,"8":0,"9":0,"10":1,"11":0,"12":0,"13":0,"14":0,"15":0,"16":0,"17":0,"18":0,"19":0,"20":0,"21":0,"22":0,"23":0,"24":0,"25":0,"26":0,"27":0,"28":0,"29":0,"30":0,"31":0,"32":0,"33":0,"34":0,"35":0,"36":0,"37":0,"38":0,"39":1,"40":0,"41":0,"42":0,"43":0,"44":0,"45":0,"46":0,"47":0,"48":0,"49":0},"f":{"0":0,"1":2,"2":4,"3":1,"4":0,"5":1,"6":0,"7":0,"8":0,"9":0,"10":0,"11":0,"12":0,"13":0},"b":{"0":[0],"1":[0,0],"2":[0,0],"3":[0,0],"4":[0,0],"5":[0,0],"6":[0,0],"7":[0],"8":[0,0],"9":[0,0],"10":[0,0],"11":[0,0],"12":[0,0]},"_coverageSchema":"1a1c01bbd47fc00a2c39e90264f33305004495a9","hash":"a2920fe8253a19790c41f7adc1856dff9733cb33"}
,"/home/university/qatu-service/src/dataAccessLayer/repositories/user.repository.js": {"path":"/home/university/qatu-service/src/dataAccessLayer/repositories/user.repository.js","statementMap":{"0":{"start":{"line":3,"column":30},"end":{"line":81,"column":1}},"1":{"start":{"line":5,"column":6},"end":{"line":5,"column":31}},"2":{"start":{"line":9,"column":6},"end":{"line":9,"column":37}},"3":{"start":{"line":13,"column":19},"end":{"line":13,"column":33}},"4":{"start":{"line":14,"column":6},"end":{"line":14,"column":31}},"5":{"start":{"line":18,"column":6},"end":{"line":18,"column":67}},"6":{"start":{"line":22,"column":6},"end":{"line":22,"column":46}},"7":{"start":{"line":26,"column":6},"end":{"line":26,"column":42}},"8":{"start":{"line":30,"column":6},"end":{"line":30,"column":43}},"9":{"start":{"line":34,"column":4},"end":{"line":38,"column":6}},"10":{"start":{"line":42,"column":4},"end":{"line":52,"column":13}},"11":{"start":{"line":56,"column":17},"end":{"line":56,"column":74}},"12":{"start":{"line":57,"column":4},"end":{"line":57,"column":30}},"13":{"start":{"line":61,"column":4},"end":{"line":65,"column":13}},"14":{"start":{"line":70,"column":17},"end":{"line":72,"column":13}},"15":{"start":{"line":74,"column":4},"end":{"line":74,"column":28}},"16":{"start":{"line":74,"column":15},"end":{"line":74,"column":28}},"17":{"start":{"line":76,"column":22},"end":{"line":76,"column":52}},"18":{"start":{"line":77,"column":30},"end":{"line":77,"column":66}},"19":{"start":{"line":79,"column":4},"end":{"line":79,"column":41}}},"fnMap":{"0":{"name":"(anonymous_0)","decl":{"start":{"line":4,"column":4},"end":{"line":4,"column":5}},"loc":{"start":{"line":4,"column":24},"end":{"line":6,"column":5}},"line":4},"1":{"name":"(anonymous_1)","decl":{"start":{"line":8,"column":4},"end":{"line":8,"column":5}},"loc":{"start":{"line":8,"column":26},"end":{"line":10,"column":5}},"line":8},"2":{"name":"(anonymous_2)","decl":{"start":{"line":12,"column":4},"end":{"line":12,"column":5}},"loc":{"start":{"line":12,"column":27},"end":{"line":15,"column":5}},"line":12},"3":{"name":"(anonymous_3)","decl":{"start":{"line":17,"column":4},"end":{"line":17,"column":5}},"loc":{"start":{"line":17,"column":31},"end":{"line":19,"column":5}},"line":17},"4":{"name":"(anonymous_4)","decl":{"start":{"line":21,"column":4},"end":{"line":21,"column":5}},"loc":{"start":{"line":21,"column":25},"end":{"line":23,"column":5}},"line":21},"5":{"name":"(anonymous_5)","decl":{"start":{"line":25,"column":4},"end":{"line":25,"column":5}},"loc":{"start":{"line":25,"column":34},"end":{"line":27,"column":5}},"line":25},"6":{"name":"(anonymous_6)","decl":{"start":{"line":29,"column":4},"end":{"line":29,"column":5}},"loc":{"start":{"line":29,"column":32},"end":{"line":31,"column":5}},"line":29},"7":{"name":"(anonymous_7)","decl":{"start":{"line":33,"column":2},"end":{"line":33,"column":3}},"loc":{"start":{"line":33,"column":41},"end":{"line":39,"column":3}},"line":33},"8":{"name":"(anonymous_8)","decl":{"start":{"line":41,"column":4},"end":{"line":41,"column":5}},"loc":{"start":{"line":41,"column":42},"end":{"line":53,"column":3}},"line":41},"9":{"name":"(anonymous_9)","decl":{"start":{"line":55,"column":2},"end":{"line":55,"column":3}},"loc":{"start":{"line":55,"column":32},"end":{"line":58,"column":3}},"line":55},"10":{"name":"(anonymous_10)","decl":{"start":{"line":60,"column":2},"end":{"line":60,"column":3}},"loc":{"start":{"line":60,"column":35},"end":{"line":66,"column":3}},"line":60},"11":{"name":"(anonymous_11)","decl":{"start":{"line":69,"column":2},"end":{"line":69,"column":3}},"loc":{"start":{"line":69,"column":51},"end":{"line":80,"column":3}},"line":69}},"branchMap":{"0":{"loc":{"start":{"line":74,"column":4},"end":{"line":74,"column":28}},"type":"if","locations":[{"start":{"line":74,"column":4},"end":{"line":74,"column":28}},{"start":{},"end":{}}],"line":74},"1":{"loc":{"start":{"line":77,"column":30},"end":{"line":77,"column":66}},"type":"binary-expr","locations":[{"start":{"line":77,"column":30},"end":{"line":77,"column":51}},{"start":{"line":77,"column":55},"end":{"line":77,"column":66}}],"line":77}},"s":{"0":1,"1":0,"2":2,"3":5,"4":5,"5":1,"6":1,"7":0,"8":0,"9":0,"10":0,"11":0,"12":0,"13":0,"14":0,"15":0,"16":0,"17":0,"18":0,"19":0},"f":{"0":0,"1":2,"2":5,"3":1,"4":1,"5":0,"6":0,"7":0,"8":0,"9":0,"10":0,"11":0},"b":{"0":[0,0],"1":[0,0]},"_coverageSchema":"1a1c01bbd47fc00a2c39e90264f33305004495a9","hash":"5ea6f99f492c096b4c13338befe70deafc91d975"}
,"/home/university/qatu-service/src/presentationLayer/controllers/order.controller.js": {"path":"/home/university/qatu-service/src/presentationLayer/controllers/order.controller.js","statementMap":{"0":{"start":{"line":3,"column":31},"end":{"line":54,"column":1}},"1":{"start":{"line":5,"column":8},"end":{"line":14,"column":9}},"2":{"start":{"line":6,"column":56},"end":{"line":6,"column":64}},"3":{"start":{"line":7,"column":28},"end":{"line":7,"column":39}},"4":{"start":{"line":8,"column":29},"end":{"line":8,"column":46}},"5":{"start":{"line":10,"column":26},"end":{"line":10,"column":108}},"6":{"start":{"line":11,"column":12},"end":{"line":11,"column":83}},"7":{"start":{"line":13,"column":12},"end":{"line":13,"column":24}},"8":{"start":{"line":18,"column":8},"end":{"line":24,"column":9}},"9":{"start":{"line":19,"column":26},"end":{"line":19,"column":72}},"10":{"start":{"line":20,"column":12},"end":{"line":20,"column":84}},"11":{"start":{"line":20,"column":24},"end":{"line":20,"column":84}},"12":{"start":{"line":21,"column":12},"end":{"line":21,"column":40}},"13":{"start":{"line":23,"column":12},"end":{"line":23,"column":24}},"14":{"start":{"line":28,"column":8},"end":{"line":33,"column":9}},"15":{"start":{"line":29,"column":27},"end":{"line":29,"column":75}},"16":{"start":{"line":30,"column":12},"end":{"line":30,"column":41}},"17":{"start":{"line":32,"column":12},"end":{"line":32,"column":24}},"18":{"start":{"line":37,"column":8},"end":{"line":42,"column":9}},"19":{"start":{"line":38,"column":27},"end":{"line":38,"column":76}},"20":{"start":{"line":39,"column":12},"end":{"line":39,"column":41}},"21":{"start":{"line":41,"column":12},"end":{"line":41,"column":24}},"22":{"start":{"line":46,"column":8},"end":{"line":52,"column":9}},"23":{"start":{"line":47,"column":26},"end":{"line":47,"column":71}},"24":{"start":{"line":48,"column":12},"end":{"line":48,"column":84}},"25":{"start":{"line":48,"column":24},"end":{"line":48,"column":84}},"26":{"start":{"line":49,"column":12},"end":{"line":49,"column":76}},"27":{"start":{"line":51,"column":12},"end":{"line":51,"column":24}}},"fnMap":{"0":{"name":"(anonymous_0)","decl":{"start":{"line":4,"column":17},"end":{"line":4,"column":18}},"loc":{"start":{"line":4,"column":43},"end":{"line":15,"column":5}},"line":4},"1":{"name":"(anonymous_1)","decl":{"start":{"line":17,"column":18},"end":{"line":17,"column":19}},"loc":{"start":{"line":17,"column":44},"end":{"line":25,"column":5}},"line":17},"2":{"name":"(anonymous_2)","decl":{"start":{"line":27,"column":22},"end":{"line":27,"column":23}},"loc":{"start":{"line":27,"column":48},"end":{"line":34,"column":5}},"line":27},"3":{"name":"(anonymous_3)","decl":{"start":{"line":36,"column":23},"end":{"line":36,"column":24}},"loc":{"start":{"line":36,"column":49},"end":{"line":43,"column":5}},"line":36},"4":{"name":"(anonymous_4)","decl":{"start":{"line":45,"column":17},"end":{"line":45,"column":18}},"loc":{"start":{"line":45,"column":43},"end":{"line":53,"column":5}},"line":45}},"branchMap":{"0":{"loc":{"start":{"line":20,"column":12},"end":{"line":20,"column":84}},"type":"if","locations":[{"start":{"line":20,"column":12},"end":{"line":20,"column":84}},{"start":{},"end":{}}],"line":20},"1":{"loc":{"start":{"line":48,"column":12},"end":{"line":48,"column":84}},"type":"if","locations":[{"start":{"line":48,"column":12},"end":{"line":48,"column":84}},{"start":{},"end":{}}],"line":48}},"s":{"0":1,"1":2,"2":2,"3":2,"4":2,"5":2,"6":1,"7":1,"8":2,"9":2,"10":2,"11":1,"12":1,"13":0,"14":2,"15":2,"16":2,"17":0,"18":1,"19":1,"20":1,"21":0,"22":1,"23":1,"24":1,"25":0,"26":1,"27":0},"f":{"0":2,"1":2,"2":2,"3":1,"4":1},"b":{"0":[1,1],"1":[0,1]},"_coverageSchema":"1a1c01bbd47fc00a2c39e90264f33305004495a9","hash":"f25bf1542cf27555a2c6a8802d11ad8e9de4846d"}
}
